# JRE version: Java(TM) SE Runtime Environment (8.0_101-b13) (build 1.8.0_101-b13)
# Java VM: Java HotSpot(TM) 64-Bit Server VM (25.101-b13 mixed mode windows-amd64 compressed oops)
Heap:
 PSYoungGen      total 32256K, used 20152K [0x00000000d5600000, 0x00000000d7b80000, 0x0000000100000000)
  eden space 28160K, 61% used [0x00000000d5600000,0x00000000d66cb228,0x00000000d7180000)
  from space 4096K, 72% used [0x00000000d7780000,0x00000000d7a63030,0x00000000d7b80000)
  to   space 5120K, 0% used [0x00000000d7180000,0x00000000d7180000,0x00000000d7680000)
 ParOldGen       total 87552K, used 1888K [0x0000000080200000, 0x0000000085780000, 0x00000000d5600000)
  object space 87552K, 2% used [0x0000000080200000,0x00000000803d8268,0x0000000085780000)
 Metaspace       used 9330K, capacity 9568K, committed 9728K, reserved 1058816K
  class space    used 1071K, capacity 1159K, committed 1280K, reserved 1048576K
GC Heap History (10 events):
Event: 17.309 GC heap before
{Heap before GC invocations=10 (full 0):
 PSYoungGen      total 34816K, used 34355K [0x00000000d5600000, 0x00000000d7f00000, 0x0000000100000000)
  eden space 30720K, 98% used [0x00000000d5600000,0x00000000d73b0ca0,0x00000000d7400000)
  from space 4096K, 96% used [0x00000000d7480000,0x00000000d785c040,0x00000000d7880000)
  to   space 5632K, 0% used [0x00000000d7980000,0x00000000d7980000,0x00000000d7f00000)
 ParOldGen       total 87552K, used 1688K [0x0000000080200000, 0x0000000085780000, 0x00000000d5600000)
  object space 87552K, 1% used [0x0000000080200000,0x00000000803a6268,0x0000000085780000)
 Metaspace       used 9214K, capacity 9428K, committed 9728K, reserved 1058816K
  class space    used 1070K, capacity 1159K, committed 1280K, reserved 1048576K
Event: 17.311 GC heap after
Heap after GC invocations=10 (full 0):
 PSYoungGen      total 35328K, used 2956K [0x00000000d5600000, 0x00000000d7e80000, 0x0000000100000000)
  eden space 30208K, 0% used [0x00000000d5600000,0x00000000d5600000,0x00000000d7380000)
  from space 5120K, 57% used [0x00000000d7980000,0x00000000d7c63030,0x00000000d7e80000)
  to   space 5632K, 0% used [0x00000000d7380000,0x00000000d7380000,0x00000000d7900000)
 ParOldGen       total 87552K, used 1712K [0x0000000080200000, 0x0000000085780000, 0x00000000d5600000)
  object space 87552K, 1% used [0x0000000080200000,0x00000000803ac268,0x0000000085780000)
 Metaspace       used 9214K, capacity 9428K, committed 9728K, reserved 1058816K
  class space    used 1070K, capacity 1159K, committed 1280K, reserved 1048576K
}
Event: 17.949 GC heap before
{Heap before GC invocations=11 (full 0):
 PSYoungGen      total 35328K, used 32450K [0x00000000d5600000, 0x00000000d7e80000, 0x0000000100000000)
  eden space 30208K, 97% used [0x00000000d5600000,0x00000000d72cdb68,0x00000000d7380000)
  from space 5120K, 57% used [0x00000000d7980000,0x00000000d7c63030,0x00000000d7e80000)
  to   space 5632K, 0% used [0x00000000d7380000,0x00000000d7380000,0x00000000d7900000)
 ParOldGen       total 87552K, used 1712K [0x0000000080200000, 0x0000000085780000, 0x00000000d5600000)
  object space 87552K, 1% used [0x0000000080200000,0x00000000803ac268,0x0000000085780000)
 Metaspace       used 9232K, capacity 9436K, committed 9728K, reserved 1058816K
  class space    used 1070K, capacity 1159K, committed 1280K, reserved 1048576K
Event: 17.950 GC heap after
Heap after GC invocations=11 (full 0):
 PSYoungGen      total 32768K, used 2988K [0x00000000d5600000, 0x00000000d7e00000, 0x0000000100000000)
  eden space 29696K, 0% used [0x00000000d5600000,0x00000000d5600000,0x00000000d7300000)
  from space 3072K, 97% used [0x00000000d7380000,0x00000000d766b030,0x00000000d7680000)
  to   space 5632K, 0% used [0x00000000d7880000,0x00000000d7880000,0x00000000d7e00000)
 ParOldGen       total 87552K, used 1768K [0x0000000080200000, 0x0000000085780000, 0x00000000d5600000)
  object space 87552K, 2% used [0x0000000080200000,0x00000000803ba268,0x0000000085780000)
 Metaspace       used 9232K, capacity 9436K, committed 9728K, reserved 1058816K
  class space    used 1070K, capacity 1159K, committed 1280K, reserved 1048576K
}
Event: 18.589 GC heap before
{Heap before GC invocations=12 (full 0):
 PSYoungGen      total 32768K, used 31855K [0x00000000d5600000, 0x00000000d7e00000, 0x0000000100000000)
  eden space 29696K, 97% used [0x00000000d5600000,0x00000000d7230cc8,0x00000000d7300000)
  from space 3072K, 97% used [0x00000000d7380000,0x00000000d766b030,0x00000000d7680000)
  to   space 5632K, 0% used [0x00000000d7880000,0x00000000d7880000,0x00000000d7e00000)
 ParOldGen       total 87552K, used 1768K [0x0000000080200000, 0x0000000085780000, 0x00000000d5600000)
  object space 87552K, 2% used [0x0000000080200000,0x00000000803ba268,0x0000000085780000)
 Metaspace       used 9252K, capacity 9500K, committed 9728K, reserved 1058816K
  class space    used 1070K, capacity 1159K, committed 1280K, reserved 1048576K
Event: 18.590 GC heap after
Heap after GC invocations=12 (full 0):
 PSYoungGen      total 34304K, used 3856K [0x00000000d5600000, 0x00000000d7d80000, 0x0000000100000000)
  eden space 29184K, 0% used [0x00000000d5600000,0x00000000d5600000,0x00000000d7280000)
  from space 5120K, 75% used [0x00000000d7880000,0x00000000d7c44040,0x00000000d7d80000)
  to   space 5632K, 0% used [0x00000000d7280000,0x00000000d7280000,0x00000000d7800000)
 ParOldGen       total 87552K, used 1800K [0x0000000080200000, 0x0000000085780000, 0x00000000d5600000)
  object space 87552K, 2% used [0x0000000080200000,0x00000000803c2268,0x0000000085780000)
 Metaspace       used 9252K, capacity 9500K, committed 9728K, reserved 1058816K
  class space    used 1070K, capacity 1159K, committed 1280K, reserved 1048576K
}
Event: 19.515 GC heap before
{Heap before GC invocations=13 (full 0):
 PSYoungGen      total 34304K, used 32417K [0x00000000d5600000, 0x00000000d7d80000, 0x0000000100000000)
  eden space 29184K, 97% used [0x00000000d5600000,0x00000000d71e4798,0x00000000d7280000)
  from space 5120K, 75% used [0x00000000d7880000,0x00000000d7c44040,0x00000000d7d80000)
  to   space 5632K, 0% used [0x00000000d7280000,0x00000000d7280000,0x00000000d7800000)
 ParOldGen       total 87552K, used 1800K [0x0000000080200000, 0x0000000085780000, 0x00000000d5600000)
  object space 87552K, 2% used [0x0000000080200000,0x00000000803c2268,0x0000000085780000)
 Metaspace       used 9261K, capacity 9500K, committed 9728K, reserved 1058816K
  class space    used 1070K, capacity 1159K, committed 1280K, reserved 1048576K
Event: 19.517 GC heap after
Heap after GC invocations=13 (full 0):
 PSYoungGen      total 31744K, used 2988K [0x00000000d5600000, 0x00000000d7d00000, 0x0000000100000000)
  eden space 28672K, 0% used [0x00000000d5600000,0x00000000d5600000,0x00000000d7200000)
  from space 3072K, 97% used [0x00000000d7280000,0x00000000d756b030,0x00000000d7580000)
  to   space 5632K, 0% used [0x00000000d7780000,0x00000000d7780000,0x00000000d7d00000)
 ParOldGen       total 87552K, used 1848K [0x0000000080200000, 0x0000000085780000, 0x00000000d5600000)
  object space 87552K, 2% used [0x0000000080200000,0x00000000803ce268,0x0000000085780000)
 Metaspace       used 9261K, capacity 9500K, committed 9728K, reserved 1058816K
  class space    used 1070K, capacity 1159K, committed 1280K, reserved 1048576K
}
Event: 20.796 GC heap before
{Heap before GC invocations=14 (full 0):
 PSYoungGen      total 31744K, used 30935K [0x00000000d5600000, 0x00000000d7d00000, 0x0000000100000000)
  eden space 28672K, 97% used [0x00000000d5600000,0x00000000d714ae00,0x00000000d7200000)
  from space 3072K, 97% used [0x00000000d7280000,0x00000000d756b030,0x00000000d7580000)
  to   space 5632K, 0% used [0x00000000d7780000,0x00000000d7780000,0x00000000d7d00000)
 ParOldGen       total 87552K, used 1848K [0x0000000080200000, 0x0000000085780000, 0x00000000d5600000)
  object space 87552K, 2% used [0x0000000080200000,0x00000000803ce268,0x0000000085780000)
 Metaspace       used 9299K, capacity 9500K, committed 9728K, reserved 1058816K
  class space    used 1070K, capacity 1159K, committed 1280K, reserved 1048576K
Event: 20.798 GC heap after
Heap after GC invocations=14 (full 0):
 PSYoungGen      total 32256K, used 2956K [0x00000000d5600000, 0x00000000d7b80000, 0x0000000100000000)
  eden space 28160K, 0% used [0x00000000d5600000,0x00000000d5600000,0x00000000d7180000)
  from space 4096K, 72% used [0x00000000d7780000,0x00000000d7a63030,0x00000000d7b80000)
  to   space 5120K, 0% used [0x00000000d7180000,0x00000000d7180000,0x00000000d7680000)
 ParOldGen       total 87552K, used 1888K [0x0000000080200000, 0x0000000085780000, 0x00000000d5600000)
  object space 87552K, 2% used [0x0000000080200000,0x00000000803d8268,0x0000000085780000)
 Metaspace       used 9299K, capacity 9500K, committed 9728K, reserved 1058816K
  class space    used 1070K, capacity 1159K, committed 1280K, reserved 1048576K
}

